mode: set
equinox/config/config.go:49.30,54.45 3 1
equinox/config/config.go:54.45,55.56 1 1
equinox/config/config.go:55.56,58.4 1 1
equinox/config/config.go:62.2,84.46 20 1
equinox/config/config.go:84.46,86.3 1 0
equinox/config/config.go:88.2,88.18 1 1
equinox/config/config.go:92.30,94.39 2 1
equinox/config/config.go:95.15,96.26 1 1
equinox/config/config.go:97.14,98.25 1 1
equinox/config/config.go:99.15,100.26 1 1
equinox/config/config.go:101.10,102.25 1 1
equinox/config/config.go:105.2,108.46 3 1
equinox/config/config.go:108.46,110.3 1 1
equinox/config/config.go:110.8,112.3 1 1
equinox/config/config.go:114.2,114.36 1 1
equinox/equivalence/embedding.go:32.69,39.2 1 0
equinox/equivalence/embedding.go:42.51,44.2 1 0
equinox/equivalence/embedding.go:47.45,49.2 1 0
equinox/equivalence/embedding.go:52.100,56.29 3 0
equinox/equivalence/embedding.go:56.29,58.50 2 0
equinox/equivalence/embedding.go:58.50,60.4 1 0
equinox/equivalence/embedding.go:60.9,62.4 1 0
equinox/equivalence/embedding.go:65.2,65.24 1 0
equinox/equivalence/embedding.go:65.24,67.3 1 0
equinox/equivalence/embedding.go:69.2,69.78 1 0
equinox/equivalence/embedding.go:69.78,71.31 2 0
equinox/equivalence/embedding.go:71.31,73.4 1 0
equinox/equivalence/embedding.go:75.3,77.36 3 0
equinox/equivalence/embedding.go:77.36,79.4 1 0
equinox/equivalence/embedding.go:81.3,82.17 2 0
equinox/equivalence/embedding.go:82.17,84.4 1 0
equinox/equivalence/embedding.go:86.3,86.36 1 0
equinox/equivalence/embedding.go:86.36,89.70 3 0
equinox/equivalence/embedding.go:89.70,91.5 1 0
equinox/equivalence/embedding.go:95.2,95.20 1 0
equinox/equivalence/embedding.go:99.47,100.37 1 1
equinox/equivalence/embedding.go:100.37,102.3 1 0
equinox/equivalence/embedding.go:104.2,105.19 2 1
equinox/equivalence/embedding.go:105.19,109.3 3 1
equinox/equivalence/embedding.go:111.2,111.28 1 1
equinox/equivalence/embedding.go:111.28,113.3 1 0
equinox/equivalence/embedding.go:115.2,115.50 1 1
equinox/equivalence/embedding.go:118.94,126.16 4 0
equinox/equivalence/embedding.go:126.16,128.3 1 0
equinox/equivalence/embedding.go:129.2,133.16 4 0
equinox/equivalence/embedding.go:133.16,135.3 1 0
equinox/equivalence/embedding.go:136.2,138.38 2 0
equinox/equivalence/embedding.go:138.38,140.3 1 0
equinox/equivalence/embedding.go:142.2,143.68 2 0
equinox/equivalence/embedding.go:143.68,145.3 1 0
equinox/equivalence/embedding.go:147.2,148.36 2 0
equinox/equivalence/embedding.go:148.36,149.31 1 0
equinox/equivalence/embedding.go:149.31,151.4 1 0
equinox/equivalence/embedding.go:154.2,154.20 1 0
equinox/equivalence/embedding.go:157.71,158.18 1 0
equinox/equivalence/embedding.go:158.18,160.3 1 0
equinox/equivalence/embedding.go:162.2,164.16 3 0
equinox/equivalence/embedding.go:164.16,166.3 1 0
equinox/equivalence/embedding.go:168.2,168.30 1 0
equinox/equivalence/embedding.go:171.78,172.18 1 0
equinox/equivalence/embedding.go:172.18,174.3 1 0
equinox/equivalence/embedding.go:176.2,181.12 3 0
equinox/equivalence/embedding.go:184.35,187.2 2 0
equinox/equivalence/embedding.go:189.44,191.24 2 0
equinox/equivalence/embedding.go:191.24,193.3 1 0
equinox/equivalence/embedding.go:194.2,194.20 1 0
equinox/equivalence/embedding.go:197.54,201.25 4 0
equinox/equivalence/embedding.go:201.25,202.78 1 0
equinox/equivalence/embedding.go:202.78,204.4 1 0
equinox/equivalence/embedding.go:206.2,206.20 1 0
equinox/equivalence/engine.go:32.63,34.2 1 1
equinox/equivalence/engine.go:46.121,54.26 3 1
equinox/equivalence/engine.go:54.26,56.3 1 0
equinox/equivalence/engine.go:58.2,59.16 2 1
equinox/equivalence/engine.go:59.16,61.3 1 0
equinox/equivalence/engine.go:63.2,63.24 1 1
equinox/equivalence/engine.go:63.24,65.3 1 1
equinox/equivalence/engine.go:67.2,71.20 2 1
equinox/equivalence/engine.go:75.81,78.36 2 1
equinox/equivalence/engine.go:78.36,79.41 1 1
equinox/equivalence/engine.go:79.41,82.26 2 1
equinox/equivalence/engine.go:82.26,83.13 1 1
equinox/equivalence/engine.go:86.4,86.40 1 1
equinox/equivalence/engine.go:86.40,87.13 1 1
equinox/equivalence/engine.go:90.4,90.42 1 1
equinox/equivalence/engine.go:90.42,91.13 1 0
equinox/equivalence/engine.go:94.4,94.27 1 1
equinox/equivalence/engine.go:94.27,95.13 1 0
equinox/equivalence/engine.go:98.4,100.66 2 1
equinox/equivalence/engine.go:100.66,101.59 1 1
equinox/equivalence/engine.go:101.59,103.6 1 0
equinox/equivalence/engine.go:103.11,105.6 1 1
equinox/equivalence/engine.go:108.4,109.40 2 1
equinox/equivalence/engine.go:109.40,110.13 1 1
equinox/equivalence/engine.go:113.4,114.40 2 1
equinox/equivalence/engine.go:114.40,115.13 1 0
equinox/equivalence/engine.go:118.4,124.6 1 1
equinox/equivalence/engine.go:128.2,128.19 1 1
equinox/equivalence/engine.go:132.117,135.25 2 1
equinox/equivalence/engine.go:135.25,138.3 2 1
equinox/equivalence/engine.go:140.2,142.31 3 0
equinox/equivalence/engine.go:142.31,143.56 1 0
equinox/equivalence/engine.go:143.56,145.45 2 0
equinox/equivalence/engine.go:145.45,148.5 2 0
equinox/equivalence/engine.go:152.2,153.16 2 0
equinox/equivalence/engine.go:153.16,156.3 2 0
equinox/equivalence/engine.go:158.2,160.31 2 0
equinox/equivalence/engine.go:160.31,174.53 10 0
equinox/equivalence/engine.go:174.53,176.4 1 0
equinox/equivalence/engine.go:178.3,178.34 1 0
equinox/equivalence/engine.go:178.34,180.4 1 0
equinox/equivalence/engine.go:180.9,180.56 1 0
equinox/equivalence/engine.go:180.56,183.4 2 0
equinox/equivalence/engine.go:183.9,189.12 2 0
equinox/equivalence/engine.go:192.3,193.33 2 0
equinox/equivalence/engine.go:196.2,196.20 1 0
equinox/equivalence/engine.go:199.91,202.31 2 1
equinox/equivalence/engine.go:202.31,209.3 5 1
equinox/equivalence/engine.go:211.2,211.15 1 1
equinox/equivalence/engine.go:214.168,216.42 2 1
equinox/equivalence/engine.go:216.42,218.3 1 1
equinox/equivalence/engine.go:220.2,223.62 3 1
equinox/equivalence/engine.go:223.62,227.3 3 1
equinox/equivalence/engine.go:229.2,245.3 2 1
equinox/equivalence/engine.go:248.64,249.28 1 1
equinox/equivalence/engine.go:249.28,251.3 1 0
equinox/equivalence/engine.go:252.2,253.38 2 1
equinox/equivalence/engine.go:253.38,254.37 1 1
equinox/equivalence/engine.go:254.37,257.4 2 1
equinox/equivalence/engine.go:261.80,262.62 1 1
equinox/equivalence/engine.go:262.62,264.3 1 1
equinox/equivalence/engine.go:265.2,266.63 2 1
equinox/equivalence/engine.go:269.54,273.40 3 1
equinox/equivalence/engine.go:273.40,275.3 1 0
equinox/equivalence/engine.go:276.2,276.14 1 1
equinox/equivalence/engine.go:279.51,281.55 2 1
equinox/equivalence/engine.go:281.55,283.3 1 0
equinox/equivalence/engine.go:285.2,285.61 1 1
equinox/equivalence/engine.go:285.61,286.50 1 0
equinox/equivalence/engine.go:286.50,288.4 1 0
equinox/equivalence/engine.go:291.2,291.48 1 1
equinox/equivalence/engine.go:291.48,293.3 1 0
equinox/equivalence/engine.go:295.2,295.14 1 1
equinox/equivalence/engine.go:298.53,300.21 2 0
equinox/equivalence/engine.go:300.21,302.3 1 0
equinox/equivalence/engine.go:303.2,303.39 1 0
equinox/equivalence/engine.go:306.68,308.28 2 1
equinox/equivalence/engine.go:308.28,310.3 1 1
equinox/equivalence/engine.go:311.2,314.37 4 1
equinox/equivalence/strings.go:9.45,13.44 3 1
equinox/equivalence/strings.go:13.44,15.3 1 1
equinox/equivalence/strings.go:16.2,16.44 1 1
equinox/equivalence/strings.go:16.44,18.3 1 1
equinox/equivalence/strings.go:20.2,21.28 2 1
equinox/equivalence/strings.go:21.28,23.3 1 1
equinox/equivalence/strings.go:25.2,26.28 2 1
equinox/equivalence/strings.go:26.28,28.3 1 1
equinox/equivalence/strings.go:30.2,31.22 2 1
equinox/equivalence/strings.go:31.22,32.14 1 1
equinox/equivalence/strings.go:32.14,34.4 1 1
equinox/equivalence/strings.go:37.2,38.16 2 1
equinox/equivalence/strings.go:38.16,40.3 1 0
equinox/equivalence/strings.go:42.2,42.47 1 1
equinox/equivalence/strings.go:47.49,50.54 3 1
equinox/equivalence/strings.go:50.54,52.3 1 1
equinox/equivalence/strings.go:53.2,53.17 1 1
equinox/equivalence/strings.go:53.17,55.3 1 1
equinox/equivalence/strings.go:56.2,56.44 1 1
equinox/equivalence/strings.go:59.34,61.2 1 1
equinox/equivalence/strings.go:63.35,69.15 5 1
equinox/equivalence/strings.go:69.15,71.3 1 1
equinox/equivalence/strings.go:72.2,72.15 1 1
equinox/equivalence/strings.go:72.15,74.3 1 1
equinox/equivalence/strings.go:76.2,79.29 3 1
equinox/equivalence/strings.go:79.29,81.3 1 1
equinox/equivalence/strings.go:83.2,83.29 1 1
equinox/equivalence/strings.go:83.29,85.30 2 1
equinox/equivalence/strings.go:85.30,87.34 2 1
equinox/equivalence/strings.go:87.34,89.5 1 1
equinox/equivalence/strings.go:90.4,94.5 1 1
equinox/equivalence/strings.go:96.3,96.26 1 1
equinox/equivalence/strings.go:99.2,99.19 1 1
equinox/equivalence/strings.go:102.27,103.11 1 1
equinox/equivalence/strings.go:103.11,105.3 1 1
equinox/equivalence/strings.go:106.2,106.11 1 1
equinox/equivalence/strings.go:106.11,108.3 1 1
equinox/equivalence/strings.go:109.2,109.10 1 1
equinox/models/routing.go:51.58,53.2 1 1
equinox/models/routing.go:55.62,57.2 1 0
equinox/models/routing.go:60.47,62.2 1 1
equinox/normalizer/kalshi.go:28.79,30.59 2 1
equinox/normalizer/kalshi.go:30.59,32.3 1 0
equinox/normalizer/kalshi.go:35.2,43.23 7 1
equinox/normalizer/kalshi.go:43.23,44.66 1 1
equinox/normalizer/kalshi.go:44.66,48.4 3 1
equinox/normalizer/kalshi.go:51.2,52.23 2 1
equinox/normalizer/kalshi.go:52.23,54.3 1 1
equinox/normalizer/kalshi.go:56.2,58.21 3 1
equinox/normalizer/kalshi.go:58.21,60.3 1 1
equinox/normalizer/kalshi.go:62.2,64.35 2 1
equinox/normalizer/kalshi.go:64.35,66.3 1 0
equinox/normalizer/kalshi.go:66.8,66.37 1 1
equinox/normalizer/kalshi.go:66.37,68.3 1 0
equinox/normalizer/kalshi.go:70.2,97.16 3 1
equinox/normalizer/kalshi.go:100.52,101.11 1 1
equinox/normalizer/kalshi.go:102.14,103.27 1 1
equinox/normalizer/kalshi.go:104.16,105.29 1 1
equinox/normalizer/kalshi.go:106.17,107.31 1 1
equinox/normalizer/kalshi.go:108.10,109.32 1 1
equinox/normalizer/normalizer.go:17.24,19.2 1 1
equinox/normalizer/normalizer.go:22.95,26.27 3 1
equinox/normalizer/normalizer.go:26.27,30.20 3 1
equinox/normalizer/normalizer.go:31.27,32.34 1 1
equinox/normalizer/normalizer.go:33.31,34.38 1 1
equinox/normalizer/normalizer.go:35.11,37.12 2 1
equinox/normalizer/normalizer.go:40.3,40.17 1 1
equinox/normalizer/normalizer.go:40.17,42.12 2 0
equinox/normalizer/normalizer.go:45.3,45.33 1 1
equinox/normalizer/normalizer.go:48.2,48.22 1 1
equinox/normalizer/normalizer.go:58.42,65.41 6 1
equinox/normalizer/normalizer.go:65.41,67.3 1 1
equinox/normalizer/normalizer.go:68.2,68.35 1 1
equinox/normalizer/normalizer.go:73.37,75.34 2 1
equinox/normalizer/normalizer.go:75.34,76.67 1 1
equinox/normalizer/normalizer.go:76.67,78.4 1 1
equinox/normalizer/normalizer.go:80.2,80.52 1 1
equinox/normalizer/normalizer.go:80.52,82.36 2 0
equinox/normalizer/normalizer.go:82.36,84.4 1 0
equinox/normalizer/normalizer.go:86.2,86.85 1 1
equinox/normalizer/normalizer.go:86.85,88.3 1 1
equinox/normalizer/normalizer.go:89.2,89.13 1 1
equinox/normalizer/normalizer.go:93.50,94.46 1 1
equinox/normalizer/normalizer.go:94.46,95.25 1 1
equinox/normalizer/normalizer.go:95.25,97.4 1 1
equinox/normalizer/normalizer.go:98.3,98.28 1 1
equinox/normalizer/normalizer.go:100.2,102.32 3 1
equinox/normalizer/polymarket.go:46.83,48.59 2 1
equinox/normalizer/polymarket.go:48.59,50.3 1 0
equinox/normalizer/polymarket.go:53.2,54.16 2 1
equinox/normalizer/polymarket.go:54.16,56.3 1 0
equinox/normalizer/polymarket.go:58.2,59.16 2 1
equinox/normalizer/polymarket.go:59.16,61.3 1 0
equinox/normalizer/polymarket.go:63.2,64.33 2 1
equinox/normalizer/polymarket.go:64.33,66.13 2 1
equinox/normalizer/polymarket.go:66.13,68.4 1 1
equinox/normalizer/polymarket.go:68.9,68.20 1 1
equinox/normalizer/polymarket.go:68.20,70.4 1 1
equinox/normalizer/polymarket.go:71.3,74.5 1 1
equinox/normalizer/polymarket.go:77.2,84.27 5 1
equinox/normalizer/polymarket.go:84.27,85.70 1 1
equinox/normalizer/polymarket.go:85.70,89.4 3 1
equinox/normalizer/polymarket.go:89.9,89.87 1 0
equinox/normalizer/polymarket.go:89.87,93.4 3 0
equinox/normalizer/polymarket.go:96.2,97.27 2 1
equinox/normalizer/polymarket.go:97.27,100.3 2 1
equinox/normalizer/polymarket.go:102.2,103.23 2 1
equinox/normalizer/polymarket.go:103.23,105.3 1 0
equinox/normalizer/polymarket.go:107.2,108.20 2 1
equinox/normalizer/polymarket.go:108.20,110.3 1 0
equinox/normalizer/polymarket.go:112.2,140.16 5 1
equinox/normalizer/polymarket.go:143.74,144.13 1 1
equinox/normalizer/polymarket.go:144.13,146.3 1 0
equinox/normalizer/polymarket.go:148.2,149.59 2 1
equinox/normalizer/polymarket.go:149.59,151.3 1 0
equinox/normalizer/polymarket.go:153.2,153.21 1 1
equinox/normalizer/polymarket.go:153.21,155.3 1 0
equinox/normalizer/polymarket.go:157.2,158.16 2 1
equinox/normalizer/polymarket.go:158.16,160.3 1 0
equinox/normalizer/polymarket.go:162.2,163.16 2 1
equinox/normalizer/polymarket.go:163.16,165.3 1 0
equinox/normalizer/polymarket.go:167.2,167.31 1 1
equinox/normalizer/polymarket.go:170.53,171.13 1 1
equinox/normalizer/polymarket.go:171.13,173.3 1 0
equinox/normalizer/polymarket.go:175.2,176.59 2 1
equinox/normalizer/polymarket.go:176.59,178.3 1 0
equinox/normalizer/polymarket.go:180.2,180.20 1 1
equinox/normalizer/polymarket.go:183.59,184.14 1 1
equinox/normalizer/polymarket.go:184.14,186.3 1 0
equinox/normalizer/polymarket.go:187.2,187.26 1 1
equinox/normalizer/polymarket.go:187.26,189.3 1 1
equinox/normalizer/polymarket.go:190.2,190.14 1 0
equinox/normalizer/polymarket.go:190.14,192.3 1 0
equinox/normalizer/polymarket.go:193.2,193.28 1 0
equinox/routing/engine.go:29.36,31.2 1 1
equinox/routing/engine.go:34.115,35.29 1 1
equinox/routing/engine.go:35.29,37.3 1 1
equinox/routing/engine.go:39.2,48.34 5 1
equinox/routing/engine.go:48.34,50.3 1 1
equinox/routing/engine.go:52.2,52.54 1 1
equinox/routing/engine.go:52.54,53.67 1 1
equinox/routing/engine.go:53.67,55.4 1 1
equinox/routing/engine.go:56.3,56.71 1 1
equinox/routing/engine.go:59.2,63.35 4 1
equinox/routing/engine.go:63.35,65.3 1 1
equinox/routing/engine.go:67.2,67.39 1 1
equinox/routing/engine.go:67.39,75.3 2 1
equinox/routing/engine.go:77.2,98.22 4 1
equinox/routing/engine.go:101.100,105.28 3 1
equinox/routing/engine.go:105.28,107.26 2 1
equinox/routing/engine.go:107.26,109.4 1 1
equinox/routing/engine.go:110.3,111.29 2 1
equinox/routing/engine.go:114.2,118.28 4 1
equinox/routing/engine.go:118.28,136.3 6 1
equinox/routing/engine.go:138.2,138.15 1 1
equinox/routing/engine.go:141.65,142.23 1 1
equinox/routing/engine.go:142.23,144.3 1 0
equinox/routing/engine.go:145.2,146.28 2 1
equinox/routing/engine.go:146.28,148.3 1 1
equinox/routing/engine.go:149.2,149.36 1 1
equinox/routing/engine.go:152.60,153.16 1 1
equinox/routing/engine.go:154.25,155.13 1 1
equinox/routing/engine.go:156.30,157.13 1 1
equinox/routing/engine.go:158.10,159.13 1 1
equinox/routing/engine.go:163.50,164.22 1 1
equinox/routing/engine.go:164.22,166.3 1 0
equinox/routing/engine.go:168.2,170.31 3 1
equinox/routing/engine.go:170.31,171.17 1 1
equinox/routing/engine.go:171.17,173.4 1 1
equinox/routing/engine.go:174.3,174.17 1 1
equinox/routing/engine.go:174.17,176.4 1 1
equinox/routing/engine.go:179.2,181.19 3 1
equinox/routing/engine.go:181.19,182.25 1 1
equinox/routing/engine.go:182.25,184.4 1 1
equinox/routing/engine.go:185.3,185.16 1 1
equinox/routing/engine.go:188.2,188.27 1 1
equinox/routing/engine.go:188.27,190.3 1 1
equinox/routing/engine.go:191.2,191.15 1 1
equinox/routing/engine.go:194.72,196.51 2 1
equinox/routing/engine.go:196.51,198.3 1 0
equinox/routing/engine.go:199.2,199.45 1 1
equinox/routing/engine.go:199.45,201.3 1 1
equinox/routing/engine.go:202.2,202.53 1 1
equinox/routing/engine.go:202.53,204.3 1 1
equinox/routing/engine.go:205.2,205.51 1 1
equinox/routing/engine.go:205.51,207.3 1 1
equinox/routing/engine.go:208.2,208.23 1 1
equinox/routing/engine.go:208.23,210.3 1 1
equinox/routing/engine.go:211.2,211.36 1 1
equinox/routing/engine.go:214.177,222.32 6 1
equinox/routing/engine.go:222.32,223.112 1 1
equinox/routing/engine.go:223.112,225.4 1 1
equinox/routing/engine.go:227.2,227.23 1 1
equinox/routing/engine.go:227.23,229.3 1 1
equinox/routing/engine.go:231.2,237.29 6 1
equinox/routing/engine.go:237.29,240.3 2 1
equinox/routing/engine.go:242.2,244.19 2 1
equinox/cmd/explain.go:24.13,27.2 2 0
equinox/cmd/explain.go:29.58,31.16 2 0
equinox/cmd/explain.go:31.16,33.3 1 0
equinox/cmd/explain.go:34.2,37.16 3 0
equinox/cmd/explain.go:37.16,39.3 1 0
equinox/cmd/explain.go:41.2,42.12 2 0
equinox/cmd/explain.go:45.80,60.16 6 0
equinox/cmd/explain.go:60.16,62.3 1 0
equinox/cmd/explain.go:64.2,71.16 6 0
equinox/cmd/explain.go:71.16,73.3 1 0
equinox/cmd/explain.go:75.2,76.32 2 0
equinox/cmd/explain.go:76.32,77.33 1 0
equinox/cmd/explain.go:77.33,78.20 1 0
equinox/cmd/explain.go:78.20,80.10 2 0
equinox/cmd/explain.go:85.2,86.25 2 0
equinox/cmd/explain.go:86.25,89.3 2 0
equinox/cmd/explain.go:91.2,101.8 1 0
equinox/cmd/explain.go:104.56,109.34 4 0
equinox/cmd/explain.go:109.34,111.3 1 0
equinox/cmd/explain.go:112.2,112.31 1 0
equinox/cmd/explain.go:112.31,114.3 1 0
equinox/cmd/explain.go:115.2,115.30 1 0
equinox/cmd/explain.go:115.30,117.3 1 0
equinox/cmd/explain.go:118.2,120.22 2 0
equinox/cmd/explain.go:120.22,122.29 2 0
equinox/cmd/explain.go:122.29,124.4 1 0
equinox/cmd/explain.go:125.3,125.60 1 0
equinox/cmd/explain.go:128.2,131.30 3 0
equinox/cmd/explain.go:131.30,139.30 8 0
equinox/cmd/explain.go:139.30,141.4 1 0
equinox/cmd/explain.go:142.3,142.16 1 0
equinox/cmd/ingest.go:28.13,30.2 1 0
equinox/cmd/ingest.go:32.57,37.16 4 0
equinox/cmd/ingest.go:37.16,39.3 1 0
equinox/cmd/ingest.go:40.2,45.15 4 0
equinox/cmd/ingest.go:46.16,47.89 1 0
equinox/cmd/ingest.go:48.20,49.103 1 0
equinox/cmd/ingest.go:50.10,54.4 1 0
equinox/cmd/ingest.go:55.10,56.83 1 0
equinox/cmd/ingest.go:59.2,66.40 3 0
equinox/cmd/ingest.go:66.40,67.36 1 0
equinox/cmd/ingest.go:67.36,70.4 2 0
equinox/cmd/ingest.go:73.2,76.42 3 0
equinox/cmd/ingest.go:76.42,78.19 2 0
equinox/cmd/ingest.go:78.19,84.12 3 0
equinox/cmd/ingest.go:87.3,88.17 2 0
equinox/cmd/ingest.go:88.17,94.12 3 0
equinox/cmd/ingest.go:97.3,102.4 2 0
equinox/cmd/ingest.go:105.2,105.41 1 0
equinox/cmd/ingest.go:105.41,107.3 1 0
equinox/cmd/ingest.go:109.2,109.23 1 0
equinox/cmd/ingest.go:109.23,114.3 1 0
equinox/cmd/ingest.go:116.2,117.12 2 0
equinox/cmd/ingest.go:120.81,122.16 2 0
equinox/cmd/ingest.go:122.16,124.3 1 0
equinox/cmd/ingest.go:125.2,128.16 3 0
equinox/cmd/ingest.go:128.16,130.3 1 0
equinox/cmd/ingest.go:131.2,134.28 3 0
equinox/cmd/ingest.go:134.28,136.17 2 0
equinox/cmd/ingest.go:136.17,141.12 2 0
equinox/cmd/ingest.go:144.3,144.116 1 0
equinox/cmd/ingest.go:144.116,150.12 2 0
equinox/cmd/ingest.go:152.3,152.13 1 0
equinox/cmd/ingest.go:155.2,155.36 1 0
equinox/cmd/ingest.go:155.36,157.3 1 0
equinox/cmd/ingest.go:159.2,159.22 1 0
equinox/cmd/match.go:26.13,28.2 1 0
equinox/cmd/match.go:30.56,35.16 4 0
equinox/cmd/match.go:35.16,37.3 1 0
equinox/cmd/match.go:38.2,41.16 3 0
equinox/cmd/match.go:41.16,43.3 1 0
equinox/cmd/match.go:45.2,45.26 1 0
equinox/cmd/match.go:45.26,48.3 2 0
equinox/cmd/match.go:50.2,59.28 3 0
equinox/cmd/match.go:59.28,61.3 1 0
equinox/cmd/match.go:63.2,65.16 3 0
equinox/cmd/match.go:65.16,67.3 1 0
equinox/cmd/match.go:69.2,69.17 1 0
equinox/cmd/match.go:69.17,71.28 2 0
equinox/cmd/match.go:71.28,73.32 2 0
equinox/cmd/match.go:73.32,75.5 1 0
equinox/cmd/match.go:76.4,76.24 1 0
equinox/cmd/match.go:76.24,78.5 1 0
equinox/cmd/match.go:80.3,80.13 1 0
equinox/cmd/match.go:83.2,84.16 2 0
equinox/cmd/match.go:84.16,86.3 1 0
equinox/cmd/match.go:88.2,89.12 2 0
equinox/cmd/match.go:92.75,100.16 2 0
equinox/cmd/match.go:100.16,102.3 1 0
equinox/cmd/match.go:103.2,106.18 3 0
equinox/cmd/match.go:106.18,120.17 7 0
equinox/cmd/match.go:120.17,122.4 1 0
equinox/cmd/match.go:124.3,130.21 6 0
equinox/cmd/match.go:130.21,131.64 1 0
equinox/cmd/match.go:131.64,133.5 1 0
equinox/cmd/match.go:135.3,135.24 1 0
equinox/cmd/match.go:135.24,136.67 1 0
equinox/cmd/match.go:136.67,138.5 1 0
equinox/cmd/match.go:141.3,145.32 4 0
equinox/cmd/match.go:148.2,148.28 1 0
equinox/cmd/match.go:151.92,153.16 2 0
equinox/cmd/match.go:153.16,155.3 1 0
equinox/cmd/match.go:156.2,165.16 3 0
equinox/cmd/match.go:165.16,167.3 1 0
equinox/cmd/match.go:168.2,171.27 3 0
equinox/cmd/match.go:171.27,173.31 2 0
equinox/cmd/match.go:173.31,175.4 1 0
equinox/cmd/match.go:176.3,180.31 4 0
equinox/cmd/match.go:180.31,183.4 2 0
equinox/cmd/match.go:185.3,189.17 1 0
equinox/cmd/match.go:189.17,191.12 2 0
equinox/cmd/match.go:193.3,193.14 1 0
equinox/cmd/match.go:196.2,196.36 1 0
equinox/cmd/match.go:196.36,198.3 1 0
equinox/cmd/match.go:200.2,200.23 1 0
equinox/cmd/normalize.go:24.60,26.16 2 0
equinox/cmd/normalize.go:26.16,28.3 1 0
equinox/cmd/normalize.go:29.2,32.16 3 0
equinox/cmd/normalize.go:32.16,34.3 1 0
equinox/cmd/normalize.go:36.2,36.20 1 0
equinox/cmd/normalize.go:36.20,39.3 2 0
equinox/cmd/normalize.go:41.2,44.25 3 0
equinox/cmd/normalize.go:44.25,46.3 1 0
equinox/cmd/normalize.go:48.2,49.16 2 0
equinox/cmd/normalize.go:49.16,51.3 1 0
equinox/cmd/normalize.go:53.2,54.16 2 0
equinox/cmd/normalize.go:54.16,56.3 1 0
equinox/cmd/normalize.go:56.8,56.27 1 0
equinox/cmd/normalize.go:56.27,58.3 1 0
equinox/cmd/normalize.go:60.2,61.12 2 0
equinox/cmd/normalize.go:64.71,74.16 2 0
equinox/cmd/normalize.go:74.16,76.3 1 0
equinox/cmd/normalize.go:77.2,80.18 3 0
equinox/cmd/normalize.go:80.18,83.83 3 0
equinox/cmd/normalize.go:83.83,85.4 1 0
equinox/cmd/normalize.go:87.3,93.5 2 0
equinox/cmd/normalize.go:96.2,96.28 1 0
equinox/cmd/normalize.go:99.91,101.16 2 0
equinox/cmd/normalize.go:101.16,103.3 1 0
equinox/cmd/normalize.go:104.2,114.16 3 0
equinox/cmd/normalize.go:114.16,116.3 1 0
equinox/cmd/normalize.go:117.2,120.28 3 0
equinox/cmd/normalize.go:120.28,125.30 4 0
equinox/cmd/normalize.go:125.30,128.4 2 0
equinox/cmd/normalize.go:129.3,129.33 1 0
equinox/cmd/normalize.go:129.33,132.4 2 0
equinox/cmd/normalize.go:134.3,135.26 2 0
equinox/cmd/normalize.go:135.26,137.4 1 0
equinox/cmd/normalize.go:139.3,146.17 1 0
equinox/cmd/normalize.go:146.17,151.12 2 0
equinox/cmd/normalize.go:153.3,153.14 1 0
equinox/cmd/normalize.go:156.2,156.36 1 0
equinox/cmd/normalize.go:156.36,158.3 1 0
equinox/cmd/normalize.go:160.2,160.23 1 0
equinox/cmd/root.go:16.67,19.17 3 0
equinox/cmd/root.go:19.17,21.4 1 0
equinox/cmd/root.go:22.3,24.13 3 0
equinox/cmd/root.go:28.22,30.2 1 0
equinox/cmd/root.go:32.13,39.2 6 0
equinox/cmd/route.go:28.13,35.2 6 0
equinox/cmd/route.go:37.56,39.16 2 0
equinox/cmd/route.go:39.16,41.3 1 0
equinox/cmd/route.go:42.2,45.16 3 0
equinox/cmd/route.go:45.16,47.3 1 0
equinox/cmd/route.go:49.2,65.16 5 0
equinox/cmd/route.go:65.16,67.3 1 0
equinox/cmd/route.go:69.2,69.61 1 0
equinox/cmd/route.go:69.61,71.3 1 0
equinox/cmd/route.go:73.2,74.12 2 0
equinox/cmd/route.go:77.90,84.16 2 0
equinox/cmd/route.go:84.16,86.3 1 0
equinox/cmd/route.go:87.2,89.18 2 0
equinox/cmd/route.go:89.18,97.73 6 0
equinox/cmd/route.go:97.73,98.12 1 0
equinox/cmd/route.go:101.3,105.32 4 0
equinox/cmd/route.go:105.32,106.22 1 0
equinox/cmd/route.go:106.22,108.10 2 0
equinox/cmd/route.go:111.3,111.13 1 0
equinox/cmd/route.go:111.13,112.12 1 0
equinox/cmd/route.go:115.3,116.17 2 0
equinox/cmd/route.go:116.17,118.4 1 0
equinox/cmd/route.go:120.3,121.33 2 0
equinox/cmd/route.go:121.33,122.34 1 0
equinox/cmd/route.go:122.34,123.21 1 0
equinox/cmd/route.go:123.21,125.11 2 0
equinox/cmd/route.go:130.3,142.9 3 0
equinox/cmd/route.go:145.2,145.85 1 0
equinox/cmd/route.go:148.76,165.2 5 0
equinox/cmd/status.go:22.57,35.22 9 0
equinox/cmd/status.go:35.22,37.3 1 0
equinox/cmd/status.go:37.8,39.3 1 0
equinox/cmd/status.go:41.2,42.20 2 0
equinox/cmd/status.go:42.20,44.3 1 0
equinox/cmd/status.go:44.8,46.3 1 0
equinox/cmd/status.go:48.2,52.16 3 0
equinox/cmd/status.go:52.16,55.3 2 0
equinox/cmd/status.go:56.2,69.12 11 0
equinox/cmd/status.go:72.57,75.16 3 0
equinox/cmd/status.go:75.16,78.3 2 0
equinox/cmd/status.go:79.2,79.38 1 0
equinox/cmd/status.go:82.40,84.16 2 0
equinox/cmd/status.go:84.16,86.3 1 0
equinox/cmd/status.go:87.2,90.18 3 0
equinox/cmd/status.go:90.18,95.3 4 0
equinox/cmd/status.go:96.2,96.15 1 0
equinox/cmd/status.go:99.38,102.33 3 0
equinox/cmd/status.go:102.33,105.3 2 0
equinox/cmd/status.go:106.2,106.42 1 0
equinox/main.go:8.13,9.38 1 0
equinox/main.go:9.38,11.3 1 0
equinox/adapters/polymarket/polymarket.go:25.53,32.2 1 1
equinox/adapters/polymarket/polymarket.go:34.42,36.2 1 1
equinox/adapters/polymarket/polymarket.go:39.83,41.16 2 1
equinox/adapters/polymarket/polymarket.go:41.16,43.3 1 0
equinox/adapters/polymarket/polymarket.go:45.2,46.16 2 1
equinox/adapters/polymarket/polymarket.go:46.16,49.3 2 1
equinox/adapters/polymarket/polymarket.go:51.2,54.34 3 1
equinox/adapters/polymarket/polymarket.go:54.34,55.49 1 1
equinox/adapters/polymarket/polymarket.go:55.49,60.12 2 1
equinox/adapters/polymarket/polymarket.go:63.3,67.48 2 1
equinox/adapters/polymarket/polymarket.go:67.48,69.4 1 1
equinox/adapters/polymarket/polymarket.go:71.3,73.21 3 1
equinox/adapters/polymarket/polymarket.go:73.21,75.4 1 0
equinox/adapters/polymarket/polymarket.go:77.3,82.5 1 1
equinox/adapters/polymarket/polymarket.go:85.2,86.24 2 1
equinox/adapters/polymarket/polymarket.go:90.99,94.16 3 1
equinox/adapters/polymarket/polymarket.go:94.16,96.3 1 0
equinox/adapters/polymarket/polymarket.go:98.2,103.8 1 1
equinox/adapters/polymarket/polymarket.go:107.58,111.2 3 1
equinox/adapters/polymarket/polymarket.go:113.81,118.6 4 1
equinox/adapters/polymarket/polymarket.go:118.6,127.17 3 1
equinox/adapters/polymarket/polymarket.go:127.17,129.4 1 0
equinox/adapters/polymarket/polymarket.go:131.3,132.56 2 1
equinox/adapters/polymarket/polymarket.go:132.56,140.4 1 0
equinox/adapters/polymarket/polymarket.go:142.3,142.24 1 1
equinox/adapters/polymarket/polymarket.go:142.24,143.9 1 0
equinox/adapters/polymarket/polymarket.go:146.3,148.27 2 1
equinox/adapters/polymarket/polymarket.go:148.27,149.9 1 1
equinox/adapters/polymarket/polymarket.go:151.3,151.18 1 0
equinox/adapters/polymarket/polymarket.go:154.2,154.26 1 1
equinox/adapters/polymarket/polymarket.go:154.26,162.3 1 0
equinox/adapters/polymarket/polymarket.go:164.2,164.24 1 1
equinox/adapters/polymarket/polymarket.go:167.88,171.6 3 1
equinox/adapters/polymarket/polymarket.go:171.6,173.19 2 1
equinox/adapters/polymarket/polymarket.go:173.19,175.4 1 0
equinox/adapters/polymarket/polymarket.go:177.3,178.17 2 1
equinox/adapters/polymarket/polymarket.go:178.17,180.4 1 1
equinox/adapters/polymarket/polymarket.go:182.3,183.53 2 1
equinox/adapters/polymarket/polymarket.go:183.53,191.4 1 0
equinox/adapters/polymarket/polymarket.go:193.3,193.31 1 1
equinox/adapters/polymarket/polymarket.go:193.31,195.4 1 1
equinox/adapters/polymarket/polymarket.go:197.3,197.57 1 1
equinox/adapters/polymarket/polymarket.go:197.57,198.9 1 1
equinox/adapters/polymarket/polymarket.go:200.3,200.27 1 0
equinox/adapters/polymarket/polymarket.go:203.2,203.20 1 1
equinox/adapters/polymarket/polymarket.go:206.47,207.16 1 1
equinox/adapters/polymarket/polymarket.go:207.16,209.3 1 1
equinox/adapters/polymarket/polymarket.go:210.2,210.22 1 1
equinox/adapters/polymarket/polymarket.go:210.22,212.3 1 1
equinox/adapters/polymarket/polymarket.go:213.2,213.12 1 1
equinox/store/staleness.go:14.48,21.16 2 1
equinox/store/staleness.go:21.16,23.3 1 0
equinox/store/staleness.go:24.2,27.18 3 1
equinox/store/staleness.go:27.18,31.63 4 0
equinox/store/staleness.go:31.63,32.12 1 0
equinox/store/staleness.go:35.3,36.29 2 0
equinox/store/staleness.go:36.29,38.4 1 0
equinox/store/staleness.go:40.3,41.17 2 0
equinox/store/staleness.go:41.17,43.12 2 0
equinox/store/staleness.go:46.3,46.12 1 0
equinox/store/staleness.go:46.12,49.18 1 0
equinox/store/staleness.go:49.18,51.13 2 0
equinox/store/staleness.go:53.4,59.5 2 0
equinox/store/staleness.go:63.2,63.28 1 1
equinox/store/staleness.go:68.82,76.16 2 1
equinox/store/staleness.go:76.16,78.3 1 0
equinox/store/staleness.go:79.2,82.18 3 1
equinox/store/staleness.go:82.18,84.45 2 1
equinox/store/staleness.go:84.45,86.4 1 0
equinox/store/staleness.go:87.3,87.39 1 1
equinox/store/staleness.go:90.2,90.28 1 1
equinox/store/staleness.go:90.28,92.3 1 1
equinox/store/staleness.go:95.2,96.33 2 1
equinox/store/staleness.go:96.33,97.17 1 1
equinox/store/staleness.go:97.17,99.4 1 1
equinox/store/staleness.go:102.2,102.18 1 1
equinox/store/staleness.go:107.83,112.33 3 1
equinox/store/staleness.go:112.33,114.3 1 1
equinox/store/staleness.go:116.2,117.16 2 1
equinox/store/staleness.go:117.16,119.3 1 0
equinox/store/staleness.go:121.2,122.40 2 1
equinox/store/staleness.go:122.40,129.3 2 1
equinox/store/staleness.go:131.2,131.14 1 1
equinox/store/store.go:17.38,19.16 2 1
equinox/store/store.go:19.16,21.3 1 0
equinox/store/store.go:24.2,24.36 1 1
equinox/store/store.go:24.36,27.3 2 0
equinox/store/store.go:29.2,30.37 2 1
equinox/store/store.go:30.37,33.3 2 0
equinox/store/store.go:35.2,36.16 2 1
equinox/store/store.go:40.29,42.2 1 1
equinox/store/store.go:45.30,47.2 1 1
equinox/store/store.go:49.31,58.31 2 1
equinox/store/store.go:58.31,59.44 1 1
equinox/store/store.go:59.44,61.4 1 0
equinox/store/store.go:64.2,65.12 2 1
equinox/adapters/kalshi/kalshi.go:26.43,28.18 2 1
equinox/adapters/kalshi/kalshi.go:28.18,30.3 1 0
equinox/adapters/kalshi/kalshi.go:31.2,36.3 1 1
equinox/adapters/kalshi/kalshi.go:39.42,41.2 1 1
equinox/adapters/kalshi/kalshi.go:44.83,49.6 4 1
equinox/adapters/kalshi/kalshi.go:49.6,54.19 2 1
equinox/adapters/kalshi/kalshi.go:54.19,56.4 1 1
equinox/adapters/kalshi/kalshi.go:58.3,59.17 2 1
equinox/adapters/kalshi/kalshi.go:59.17,61.4 1 1
equinox/adapters/kalshi/kalshi.go:63.3,64.53 2 1
equinox/adapters/kalshi/kalshi.go:64.53,72.4 1 0
equinox/adapters/kalshi/kalshi.go:74.3,74.53 1 1
equinox/adapters/kalshi/kalshi.go:74.53,82.4 1 0
equinox/adapters/kalshi/kalshi.go:84.3,84.34 1 1
equinox/adapters/kalshi/kalshi.go:84.34,85.50 1 1
equinox/adapters/kalshi/kalshi.go:85.50,90.13 2 1
equinox/adapters/kalshi/kalshi.go:93.4,99.6 2 1
equinox/adapters/kalshi/kalshi.go:102.3,102.24 1 1
equinox/adapters/kalshi/kalshi.go:102.24,103.9 1 1
equinox/adapters/kalshi/kalshi.go:105.3,110.4 2 1
equinox/adapters/kalshi/kalshi.go:113.2,114.24 2 1
equinox/adapters/kalshi/kalshi.go:118.98,123.16 4 1
equinox/adapters/kalshi/kalshi.go:123.16,125.3 1 0
equinox/adapters/kalshi/kalshi.go:127.2,128.52 2 1
equinox/adapters/kalshi/kalshi.go:128.52,136.3 1 0
equinox/adapters/kalshi/kalshi.go:138.2,143.8 1 1
equinox/adapters/kalshi/kalshi.go:147.58,150.2 2 1
equinox/adapters/kalshi/kalshi.go:153.49,154.20 1 1
equinox/adapters/kalshi/kalshi.go:154.20,156.3 1 1
equinox/adapters/kalshi/kalshi.go:157.2,157.19 1 1
equinox/adapters/kalshi/kalshi.go:157.19,159.3 1 1
equinox/adapters/kalshi/kalshi.go:160.2,160.20 1 1
equinox/adapters/kalshi/kalshi.go:160.20,162.3 1 1
equinox/adapters/kalshi/kalshi.go:163.2,163.12 1 1
equinox/adapters/adapter.go:59.39,62.2 1 1
equinox/adapters/adapter.go:64.39,66.2 1 1
equinox/adapters/circuit.go:21.39,22.11 1 1
equinox/adapters/circuit.go:23.21,24.18 1 1
equinox/adapters/circuit.go:25.19,26.16 1 1
equinox/adapters/circuit.go:27.23,28.21 1 1
equinox/adapters/circuit.go:29.10,30.19 1 0
equinox/adapters/circuit.go:49.60,54.2 1 1
equinox/adapters/circuit.go:57.48,62.2 4 1
equinox/adapters/circuit.go:65.41,71.18 4 1
equinox/adapters/circuit.go:72.21,73.13 1 1
equinox/adapters/circuit.go:74.23,75.13 1 1
equinox/adapters/circuit.go:76.19,83.4 1 1
equinox/adapters/circuit.go:85.2,85.12 1 0
equinox/adapters/circuit.go:89.43,93.33 3 1
equinox/adapters/circuit.go:93.33,95.3 1 1
equinox/adapters/circuit.go:96.2,97.26 2 1
equinox/adapters/circuit.go:101.52,109.77 6 1
equinox/adapters/circuit.go:109.77,116.3 2 1
equinox/adapters/circuit.go:120.43,121.78 1 1
equinox/adapters/circuit.go:121.78,124.3 2 1
equinox/adapters/httpclient.go:17.50,23.2 2 1
equinox/adapters/httpclient.go:27.172,30.86 2 1
equinox/adapters/httpclient.go:30.86,31.36 1 1
equinox/adapters/httpclient.go:31.36,33.4 1 1
equinox/adapters/httpclient.go:35.3,36.25 2 1
equinox/adapters/httpclient.go:36.25,38.4 1 0
equinox/adapters/httpclient.go:40.3,41.17 2 1
equinox/adapters/httpclient.go:41.17,51.4 3 0
equinox/adapters/httpclient.go:53.3,53.31 1 1
equinox/adapters/httpclient.go:53.31,66.4 5 1
equinox/adapters/httpclient.go:68.3,70.13 3 1
equinox/adapters/httpclient.go:73.2,73.16 1 1
equinox/adapters/httpclient.go:73.16,75.3 1 1
equinox/adapters/httpclient.go:76.2,76.18 1 1
equinox/adapters/retry.go:31.54,33.2 1 1
equinox/adapters/retry.go:36.43,38.2 1 1
equinox/adapters/retry.go:41.57,42.22 1 1
equinox/adapters/retry.go:42.22,44.3 1 1
equinox/adapters/retry.go:45.2,45.10 1 0
equinox/adapters/retry.go:49.113,50.22 1 1
equinox/adapters/retry.go:50.22,58.3 1 1
equinox/adapters/retry.go:60.2,61.59 2 1
equinox/adapters/retry.go:61.59,62.35 1 1
equinox/adapters/retry.go:62.35,70.4 1 1
equinox/adapters/retry.go:72.3,73.21 2 1
equinox/adapters/retry.go:73.21,76.4 2 1
equinox/adapters/retry.go:78.3,79.10 2 1
equinox/adapters/retry.go:79.10,81.4 1 0
equinox/adapters/retry.go:83.3,83.31 1 1
equinox/adapters/retry.go:83.31,85.4 1 1
equinox/adapters/retry.go:87.3,87.32 1 1
equinox/adapters/retry.go:87.32,89.50 2 1
equinox/adapters/retry.go:89.50,95.5 2 1
equinox/adapters/retry.go:98.3,98.33 1 1
equinox/adapters/retry.go:98.33,107.11 3 1
equinox/adapters/retry.go:108.29,108.29 0 1
equinox/adapters/retry.go:109.22,116.6 1 0
equinox/adapters/retry.go:121.2,127.3 1 1
equinox/adapters/retry.go:130.39,132.2 1 1
equinox/adapters/retry.go:134.74,135.20 1 1
equinox/adapters/retry.go:135.20,137.3 1 1
equinox/adapters/retry.go:138.2,140.37 3 1
equinox/adapters/retry.go:144.52,145.9 1 1
equinox/adapters/retry.go:146.48,147.21 1 1
equinox/adapters/retry.go:148.83,149.16 1 1
equinox/adapters/retry.go:150.25,151.23 1 1
equinox/adapters/retry.go:152.10,153.23 1 0
equinox/adapters/retry.go:158.51,159.18 1 1
equinox/adapters/retry.go:159.18,161.3 1 1
equinox/adapters/retry.go:162.2,162.54 1 1
equinox/adapters/retry.go:162.54,164.3 1 1
equinox/adapters/retry.go:165.2,165.50 1 0
equinox/adapters/retry.go:165.50,167.12 2 0
equinox/adapters/retry.go:167.12,169.4 1 0
equinox/adapters/retry.go:171.2,171.10 1 0
